app/build/outputs/mapping/release/seeds.txt
com.smartclick.auto.tap.autoclicker.activity.MultiModeInstructionActivity
com.smartclick.auto.tap.autoclicker.utils.LineView
com.smartclick.auto.tap.autoclicker.utils.Resizer
com.smartclick.auto.tap.autoclicker.service.SingleModeService
com.smartclick.auto.tap.autoclicker.model.MultiModel
com.smartclick.auto.tap.autoclicker.activity.SplashActivity
com.smartclick.auto.tap.autoclicker.activity.StartActivity
com.smartclick.auto.tap.autoclicker.model.AdType
com.smartclick.auto.tap.autoclicker.activity.SingleModeSettingActivity
com.smartclick.auto.tap.autoclicker.notification.MyFirebaseMessagingService
com.smartclick.auto.tap.autoclicker.utils.JsonWriter
com.smartclick.auto.tap.autoclicker.activity.MultiModeSettingActivity
com.smartclick.auto.tap.autoclicker.service.BootReceiver
com.smartclick.auto.tap.autoclicker.activity.PermissionActivity
com.smartclick.auto.tap.autoclicker.MyApplication
com.smartclick.auto.tap.autoclicker.model.MultiDbModel
com.smartclick.auto.tap.autoclicker.model.Links
com.smartclick.auto.tap.autoclicker.model.AdsItem
com.smartclick.auto.tap.autoclicker.activity.GuideActivity
com.smartclick.auto.tap.autoclicker.activity.LanguageActivity
com.smartclick.auto.tap.autoclicker.utils.BaseActivity
com.smartclick.auto.tap.autoclicker.activity.PrivacyPolicyActivity
com.smartclick.auto.tap.autoclicker.model.AppPages
com.smartclick.auto.tap.autoclicker.activity.IntroActivity
com.smartclick.auto.tap.autoclicker.service.MultiModeService
com.smartclick.auto.tap.autoclicker.model.IntroInfo
com.smartclick.auto.tap.autoclicker.service.AutoClicker
com.smartclick.auto.tap.autoclicker.utils.StorageUtils
com.smartclick.auto.tap.autoclicker.DataBinderMapperImpl
com.smartclick.auto.tap.autoclicker.model.MultiModelTwo
com.smartclick.auto.tap.autoclicker.activity.ConfigurationActivity
com.smartclick.auto.tap.autoclicker.activity.SingleModeInstructionActivity
com.smartclick.auto.tap.autoclicker.utils.Common
com.smartclick.auto.tap.autoclicker.model.LanguageModel
com.smartclick.auto.tap.autoclicker.utils.SpManager
com.smartclick.auto.tap.autoclicker.model.AdType: java.lang.String INTERSTITIAL_VIDEO
com.smartclick.auto.tap.autoclicker.model.AdType: java.lang.String REWARD_VIDEO
com.smartclick.auto.tap.autoclicker.model.MultiDbModel: int minute
com.smartclick.auto.tap.autoclicker.model.MultiModel: int type
com.smartclick.auto.tap.autoclicker.model.MultiModelTwo: float clickTwoX
com.smartclick.auto.tap.autoclicker.model.MultiDbModel: int intervalType
com.smartclick.auto.tap.autoclicker.model.MultiDbModel: int intervalCount
com.smartclick.auto.tap.autoclicker.model.MultiModelTwo: float clickOneX
com.smartclick.auto.tap.autoclicker.model.MultiDbModel: int hour
com.smartclick.auto.tap.autoclicker.model.AppPages: java.lang.String name
com.smartclick.auto.tap.autoclicker.model.MultiDbModel: int swipeCount
com.smartclick.auto.tap.autoclicker.model.IntroInfo: int infoSrc
com.smartclick.auto.tap.autoclicker.model.AppPages: java.util.Date updated_at
com.smartclick.auto.tap.autoclicker.model.MultiDbModel: int nocCount
com.smartclick.auto.tap.autoclicker.model.LanguageModel: int image
com.smartclick.auto.tap.autoclicker.model.AdsItem: java.util.ArrayList result
com.smartclick.auto.tap.autoclicker.model.MultiModelTwo: float clickTwoY
com.smartclick.auto.tap.autoclicker.model.LanguageModel: java.lang.String f185id
com.smartclick.auto.tap.autoclicker.model.MultiModel: com.smartclick.auto.tap.autoclicker.utils.MultiModeTargetTwoView multiModeTargetTwoView
com.smartclick.auto.tap.autoclicker.model.AdType: java.lang.String NATIVE
com.smartclick.auto.tap.autoclicker.model.MultiDbModel: int second
com.smartclick.auto.tap.autoclicker.model.MultiModel: com.smartclick.auto.tap.autoclicker.utils.MultiModeTargetView multiModeTargetView
com.smartclick.auto.tap.autoclicker.model.MultiModel: float[] typeTwo
com.smartclick.auto.tap.autoclicker.model.MultiModelTwo: int type
com.smartclick.auto.tap.autoclicker.model.MultiDbModel: int stopType
...
com.google.firebase.installations.FirebaseInstallationsRegistrar: com.google.firebase.installations.FirebaseInstallationsApi lambda$getComponents$0(com.google.firebase.components.ComponentContainer)
com.google.android.gms.internal.measurement.zzlg: com.google.android.gms.internal.measurement.zzlg[] values()
com.google.firebase.crashlytics.internal.analytics.UnavailableAnalyticsEventLogger: UnavailableAnalyticsEventLogger()
com.google.android.material.textfield.TextInputLayout: void setCounterOverflowTextColor(android.content.res.ColorStateList)
com.google.android.material.chip.Chip: float getChipEndPadding()
kotlin.collections.IntIterator: IntIterator()
com.google.android.gms.internal.ads.zzfmn: zzfmn()
androidx.appcompat.widget.Toolbar: void setNavigationIcon(android.graphics.drawable.Drawable)
kotlin.collections.CollectionsKt__MutableCollectionsKt: CollectionsKt__MutableCollectionsKt()
com.google.android.material.floatingactionbutton.ExtendedFloatingActionButton$ExtendedFloatingActionButtonBehavior: ExtendedFloatingActionButton$ExtendedFloatingActionButtonBehavior(android.content.Context,android.util.AttributeSet)
androidx.core.graphics.drawable.IconCompatParcelizer: androidx.core.graphics.drawable.IconCompat read(androidx.versionedparcelable.VersionedParcel)
androidx.appcompat.widget.AppCompatCheckedTextView: android.content.res.ColorStateList getSupportBackgroundTintList()
androidx.appcompat.widget.AppCompatRadioButton: void setSupportCompoundDrawablesTintList(android.content.res.ColorStateList)
com.google.android.gms.internal.ads.zzgri: com.google.android.gms.internal.ads.zzgri[] values()
androidx.privacysandbox.ads.adservices.measurement.MeasurementManager$Api33Ext5Impl: java.lang.Object deleteRegistrations(androidx.privacysandbox.ads.adservices.measurement.DeletionRequest,kotlin.coroutines.Continuation)
androidx.core.view.ViewConfigurationCompat$Api34Impl: int getScaledMaximumFlingVelocity(android.view.ViewConfiguration,int,int,int)
com.google.android.gms.ads.mediation.rtb.RtbAdapter: void collectSignals(com.google.android.gms.ads.mediation.rtb.RtbSignalData,com.google.android.gms.ads.mediation.rtb.SignalCallbacks)
com.google.android.gms.common.api.Api$ClientKey: Api$ClientKey()
com.airbnb.lottie.LottieAnimationView: void setTextDelegate(com.airbnb.lottie.TextDelegate)
com.google.gson.ToNumberPolicy: com.google.gson.ToNumberPolicy valueOf(java.lang.String)
androidx.core.view.WindowInsetsCompat$BuilderImpl29: void setMandatorySystemGestureInsets(androidx.core.graphics.Insets)
com.google.android.datatransport.cct.CctBackendFactory: CctBackendFactory()
androidx.appcompat.widget.AppCompatTextView: int getAutoSizeStepGranularity()
com.google.android.material.internal.CheckableImageButton: void setCheckable(boolean)
androidx.core.app.NotificationCompatBuilder$Api21Impl: android.app.Notification$Builder setCategory(android.app.Notification$Builder,java.lang.String)
com.google.android.gms.internal.measurement.zzbq: zzbq()
androidx.datastore.preferences.PreferencesProto$Value$ValueCase: androidx.datastore.preferences.PreferencesProto$Value$ValueCase valueOf(java.lang.String)
com.google.android.gms.measurement.internal.AppMeasurementDynamiteService: void setDefaultEventParameters(android.os.Bundle)
androidx.lifecycle.SavedStateHandlesVM: SavedStateHandlesVM()
com.google.android.material.textfield.TextInputLayout: void setBoxCornerFamily(int)
com.airbnb.lottie.LottieAnimationView: void setMinAndMaxFrame(java.lang.String)
androidx.appcompat.view.ViewPropertyAnimatorCompatSet: ViewPropertyAnimatorCompatSet()
com.google.firebase.installations.FirebaseInstallationsRegistrar: FirebaseInstallationsRegistrar()
com.google.android.material.checkbox.MaterialCheckBox: android.graphics.PorterDuff$Mode getButtonIconTintMode()
com.google.android.material.chip.Chip: void setCheckableResource(int)
androidx.core.view.ViewCompat$Api26Impl: void addKeyboardNavigationClusters(android.view.View,java.util.Collection,int)